01 29, 2021 10:36:15 上午 cn.how2j.diytomcat.Bootstrap logJVM
INFO : Server version:		How2J DiyTomcat/1.0.1
01 29, 2021 10:36:15 上午 cn.how2j.diytomcat.Bootstrap logJVM
INFO : Server built:		2020-04-08 10:20:22
01 29, 2021 10:36:15 上午 cn.how2j.diytomcat.Bootstrap logJVM
INFO : Server number:		1.0.1
01 29, 2021 10:36:15 上午 cn.how2j.diytomcat.Bootstrap logJVM
INFO : OS Name	:		Windows 10
01 29, 2021 10:36:15 上午 cn.how2j.diytomcat.Bootstrap logJVM
INFO : OS Version:		10.0
01 29, 2021 10:36:15 上午 cn.how2j.diytomcat.Bootstrap logJVM
INFO : Architecture:		amd64
01 29, 2021 10:36:15 上午 cn.how2j.diytomcat.Bootstrap logJVM
INFO : Java Home:		D:\software\java\jre
01 29, 2021 10:36:15 上午 cn.how2j.diytomcat.Bootstrap logJVM
INFO : JVM Version:		1.8.0_261-b12
01 29, 2021 10:36:15 上午 cn.how2j.diytomcat.Bootstrap logJVM
INFO : JVM Vendor:		Oracle Corporation
01 29, 2021 10:36:15 上午 cn.how2j.diytomcat.catalina.Context <init>
INFO : Deploying web application directory D:\project\diytomcat\webapps\a
01 29, 2021 10:36:15 上午 cn.how2j.diytomcat.catalina.Context <init>
INFO : Deployment of web application directory D:\project\diytomcat\webapps\a has finished in 0 ms
01 29, 2021 10:36:15 上午 cn.how2j.diytomcat.catalina.Context <init>
INFO : Deploying web application directory D:\project\diytomcat\webapps\ROOT
01 29, 2021 10:36:15 上午 cn.how2j.diytomcat.catalina.Context <init>
INFO : Deployment of web application directory D:\project\diytomcat\webapps\ROOT has finished in 1 ms
01 29, 2021 10:39:00 上午 cn.how2j.diytomcat.Bootstrap logJVM
INFO : Server version:		How2J DiyTomcat/1.0.1
01 29, 2021 10:39:00 上午 cn.how2j.diytomcat.Bootstrap logJVM
INFO : Server built:		2020-04-08 10:20:22
01 29, 2021 10:39:00 上午 cn.how2j.diytomcat.Bootstrap logJVM
INFO : Server number:		1.0.1
01 29, 2021 10:39:00 上午 cn.how2j.diytomcat.Bootstrap logJVM
INFO : OS Name	:		Windows 10
01 29, 2021 10:39:00 上午 cn.how2j.diytomcat.Bootstrap logJVM
INFO : OS Version:		10.0
01 29, 2021 10:39:00 上午 cn.how2j.diytomcat.Bootstrap logJVM
INFO : Architecture:		amd64
01 29, 2021 10:39:00 上午 cn.how2j.diytomcat.Bootstrap logJVM
INFO : Java Home:		D:\software\java\jre
01 29, 2021 10:39:00 上午 cn.how2j.diytomcat.Bootstrap logJVM
INFO : JVM Version:		1.8.0_261-b12
01 29, 2021 10:39:00 上午 cn.how2j.diytomcat.Bootstrap logJVM
INFO : JVM Vendor:		Oracle Corporation
01 29, 2021 10:39:00 上午 cn.how2j.diytomcat.catalina.Context <init>
INFO : Deploying web application directory D:\project\diytomcat\webapps\a
01 29, 2021 10:39:00 上午 cn.how2j.diytomcat.catalina.Context <init>
INFO : Deployment of web application directory D:\project\diytomcat\webapps\a has finished in 1 ms
01 29, 2021 10:39:00 上午 cn.how2j.diytomcat.catalina.Context <init>
INFO : Deploying web application directory D:\project\diytomcat\webapps\ROOT
01 29, 2021 10:39:00 上午 cn.how2j.diytomcat.catalina.Context <init>
INFO : Deployment of web application directory D:\project\diytomcat\webapps\ROOT has finished in 1 ms
01 29, 2021 10:41:43 上午 cn.how2j.diytomcat.Bootstrap logJVM
INFO : Server version:		How2J DiyTomcat/1.0.1
01 29, 2021 10:41:43 上午 cn.how2j.diytomcat.Bootstrap logJVM
INFO : Server built:		2020-04-08 10:20:22
01 29, 2021 10:41:43 上午 cn.how2j.diytomcat.Bootstrap logJVM
INFO : Server number:		1.0.1
01 29, 2021 10:41:43 上午 cn.how2j.diytomcat.Bootstrap logJVM
INFO : OS Name	:		Windows 10
01 29, 2021 10:41:43 上午 cn.how2j.diytomcat.Bootstrap logJVM
INFO : OS Version:		10.0
01 29, 2021 10:41:43 上午 cn.how2j.diytomcat.Bootstrap logJVM
INFO : Architecture:		amd64
01 29, 2021 10:41:43 上午 cn.how2j.diytomcat.Bootstrap logJVM
INFO : Java Home:		D:\software\java\jre
01 29, 2021 10:41:43 上午 cn.how2j.diytomcat.Bootstrap logJVM
INFO : JVM Version:		1.8.0_261-b12
01 29, 2021 10:41:43 上午 cn.how2j.diytomcat.Bootstrap logJVM
INFO : JVM Vendor:		Oracle Corporation
01 29, 2021 10:41:43 上午 cn.how2j.diytomcat.catalina.Context <init>
INFO : Deploying web application directory D:\project\diytomcat\webapps\a
01 29, 2021 10:41:43 上午 cn.how2j.diytomcat.catalina.Context <init>
INFO : Deployment of web application directory D:\project\diytomcat\webapps\a has finished in 0 ms
01 29, 2021 10:41:43 上午 cn.how2j.diytomcat.catalina.Context <init>
INFO : Deploying web application directory D:\project\diytomcat\webapps\ROOT
01 29, 2021 10:41:43 上午 cn.how2j.diytomcat.catalina.Context <init>
INFO : Deployment of web application directory D:\project\diytomcat\webapps\ROOT has finished in 0 ms
01 29, 2021 11:31:31 上午 cn.how2j.diytomcat.Bootstrap logJVM
INFO : Server version:		How2J DiyTomcat/1.0.1
01 29, 2021 11:31:31 上午 cn.how2j.diytomcat.Bootstrap logJVM
INFO : Server built:		2020-04-08 10:20:22
01 29, 2021 11:31:31 上午 cn.how2j.diytomcat.Bootstrap logJVM
INFO : Server number:		1.0.1
01 29, 2021 11:31:31 上午 cn.how2j.diytomcat.Bootstrap logJVM
INFO : OS Name	:		Windows 10
01 29, 2021 11:31:31 上午 cn.how2j.diytomcat.Bootstrap logJVM
INFO : OS Version:		10.0
01 29, 2021 11:31:31 上午 cn.how2j.diytomcat.Bootstrap logJVM
INFO : Architecture:		amd64
01 29, 2021 11:31:31 上午 cn.how2j.diytomcat.Bootstrap logJVM
INFO : Java Home:		D:\software\java\jre
01 29, 2021 11:31:31 上午 cn.how2j.diytomcat.Bootstrap logJVM
INFO : JVM Version:		1.8.0_261-b12
01 29, 2021 11:31:31 上午 cn.how2j.diytomcat.Bootstrap logJVM
INFO : JVM Vendor:		Oracle Corporation
01 29, 2021 11:31:31 上午 cn.how2j.diytomcat.catalina.Context <init>
INFO : Deploying web application directory D:\project\diytomcat\webapps\a
01 29, 2021 11:31:31 上午 cn.how2j.diytomcat.catalina.Context <init>
INFO : Deployment of web application directory D:\project\diytomcat\webapps\a has finished in 1 ms
01 29, 2021 11:31:31 上午 cn.how2j.diytomcat.catalina.Context <init>
INFO : Deploying web application directory D:\project\diytomcat\webapps\ROOT
01 29, 2021 11:31:31 上午 cn.how2j.diytomcat.catalina.Context <init>
INFO : Deployment of web application directory D:\project\diytomcat\webapps\ROOT has finished in 0 ms
01 29, 2021 11:32:26 上午 cn.how2j.diytomcat.Bootstrap logJVM
INFO : Server version:		How2J DiyTomcat/1.0.1
01 29, 2021 11:32:26 上午 cn.how2j.diytomcat.Bootstrap logJVM
INFO : Server built:		2020-04-08 10:20:22
01 29, 2021 11:32:26 上午 cn.how2j.diytomcat.Bootstrap logJVM
INFO : Server number:		1.0.1
01 29, 2021 11:32:26 上午 cn.how2j.diytomcat.Bootstrap logJVM
INFO : OS Name	:		Windows 10
01 29, 2021 11:32:26 上午 cn.how2j.diytomcat.Bootstrap logJVM
INFO : OS Version:		10.0
01 29, 2021 11:32:26 上午 cn.how2j.diytomcat.Bootstrap logJVM
INFO : Architecture:		amd64
01 29, 2021 11:32:26 上午 cn.how2j.diytomcat.Bootstrap logJVM
INFO : Java Home:		D:\software\java\jre
01 29, 2021 11:32:26 上午 cn.how2j.diytomcat.Bootstrap logJVM
INFO : JVM Version:		1.8.0_261-b12
01 29, 2021 11:32:26 上午 cn.how2j.diytomcat.Bootstrap logJVM
INFO : JVM Vendor:		Oracle Corporation
01 29, 2021 11:32:26 上午 cn.how2j.diytomcat.catalina.Context <init>
INFO : Deploying web application directory D:\project\diytomcat\webapps\a
01 29, 2021 11:32:26 上午 cn.how2j.diytomcat.catalina.Context <init>
INFO : Deployment of web application directory D:\project\diytomcat\webapps\a has finished in 0 ms
01 29, 2021 11:32:26 上午 cn.how2j.diytomcat.catalina.Context <init>
INFO : Deploying web application directory D:\project\diytomcat\webapps\ROOT
01 29, 2021 11:32:26 上午 cn.how2j.diytomcat.catalina.Context <init>
INFO : Deployment of web application directory D:\project\diytomcat\webapps\ROOT has finished in 0 ms
01 29, 2021 11:32:26 上午 cn.how2j.diytomcat.catalina.Context <init>
INFO : Deploying web application directory d:/project/diytomcat/b
01 29, 2021 11:32:26 上午 cn.how2j.diytomcat.catalina.Context <init>
INFO : Deployment of web application directory d:/project/diytomcat/b has finished in 0 ms
