02 08, 2021 10:01:42 上午 cn.how2j.diytomcat.catalina.Context <init>
INFO : Deploying web application directory d:/project/diytomcat/b
02 08, 2021 10:01:42 上午 cn.how2j.diytomcat.catalina.Context <init>
INFO : Deployment of web application directory d:/project/diytomcat/b has finished in 68 ms
02 08, 2021 10:01:42 上午 cn.how2j.diytomcat.catalina.Context <init>
INFO : Deploying web application directory D:\project\diytomcat\webapps\a
02 08, 2021 10:01:42 上午 cn.how2j.diytomcat.catalina.Context <init>
INFO : Deployment of web application directory D:\project\diytomcat\webapps\a has finished in 1 ms
02 08, 2021 10:01:42 上午 cn.how2j.diytomcat.catalina.Context <init>
INFO : Deploying web application directory D:\project\diytomcat\webapps\ROOT
02 08, 2021 10:01:42 上午 cn.how2j.diytomcat.catalina.Context <init>
INFO : Deployment of web application directory D:\project\diytomcat\webapps\ROOT has finished in 0 ms
02 08, 2021 10:01:42 上午 cn.how2j.diytomcat.catalina.Server logJVM
INFO : Server version:		How2J DiyTomcat/1.0.1
02 08, 2021 10:01:42 上午 cn.how2j.diytomcat.catalina.Server logJVM
INFO : Server built:		2020-04-08 10:20:22
02 08, 2021 10:01:42 上午 cn.how2j.diytomcat.catalina.Server logJVM
INFO : Server number:		1.0.1
02 08, 2021 10:01:42 上午 cn.how2j.diytomcat.catalina.Server logJVM
INFO : OS Name	:		Windows 10
02 08, 2021 10:01:42 上午 cn.how2j.diytomcat.catalina.Server logJVM
INFO : OS Version:		10.0
02 08, 2021 10:01:42 上午 cn.how2j.diytomcat.catalina.Server logJVM
INFO : Architecture:		amd64
02 08, 2021 10:01:42 上午 cn.how2j.diytomcat.catalina.Server logJVM
INFO : Java Home:		D:\software\java\jre
02 08, 2021 10:01:42 上午 cn.how2j.diytomcat.catalina.Server logJVM
INFO : JVM Version:		1.8.0_261-b12
02 08, 2021 10:01:42 上午 cn.how2j.diytomcat.catalina.Server logJVM
INFO : JVM Vendor:		Oracle Corporation
02 08, 2021 11:04:29 上午 cn.how2j.diytomcat.catalina.Context <init>
INFO : Deploying web application directory d:/project/diytomcat/b
02 08, 2021 11:04:29 上午 cn.how2j.diytomcat.catalina.Context <init>
INFO : Deployment of web application directory d:/project/diytomcat/b has finished in 61 ms
02 08, 2021 11:04:29 上午 cn.how2j.diytomcat.catalina.Context <init>
INFO : Deploying web application directory D:\project\diytomcat\webapps\a
02 08, 2021 11:04:29 上午 cn.how2j.diytomcat.catalina.Context <init>
INFO : Deployment of web application directory D:\project\diytomcat\webapps\a has finished in 0 ms
02 08, 2021 11:04:29 上午 cn.how2j.diytomcat.catalina.Context <init>
INFO : Deploying web application directory D:\project\diytomcat\webapps\ROOT
02 08, 2021 11:04:29 上午 cn.how2j.diytomcat.catalina.Context <init>
INFO : Deployment of web application directory D:\project\diytomcat\webapps\ROOT has finished in 0 ms
02 08, 2021 11:04:29 上午 cn.how2j.diytomcat.catalina.Server logJVM
INFO : Server version:		How2J DiyTomcat/1.0.1
02 08, 2021 11:04:29 上午 cn.how2j.diytomcat.catalina.Server logJVM
INFO : Server built:		2020-04-08 10:20:22
02 08, 2021 11:04:29 上午 cn.how2j.diytomcat.catalina.Server logJVM
INFO : Server number:		1.0.1
02 08, 2021 11:04:29 上午 cn.how2j.diytomcat.catalina.Server logJVM
INFO : OS Name	:		Windows 10
02 08, 2021 11:04:29 上午 cn.how2j.diytomcat.catalina.Server logJVM
INFO : OS Version:		10.0
02 08, 2021 11:04:29 上午 cn.how2j.diytomcat.catalina.Server logJVM
INFO : Architecture:		amd64
02 08, 2021 11:04:29 上午 cn.how2j.diytomcat.catalina.Server logJVM
INFO : Java Home:		D:\software\java\jre
02 08, 2021 11:04:29 上午 cn.how2j.diytomcat.catalina.Server logJVM
INFO : JVM Version:		1.8.0_261-b12
02 08, 2021 11:04:29 上午 cn.how2j.diytomcat.catalina.Server logJVM
INFO : JVM Vendor:		Oracle Corporation
02 08, 2021 11:05:20 上午 cn.how2j.diytomcat.catalina.Context <init>
INFO : Deploying web application directory d:/project/diytomcat/b
02 08, 2021 11:05:20 上午 cn.how2j.diytomcat.catalina.Context <init>
INFO : Deployment of web application directory d:/project/diytomcat/b has finished in 78 ms
02 08, 2021 11:05:20 上午 cn.how2j.diytomcat.catalina.Context <init>
INFO : Deploying web application directory D:\project\diytomcat\webapps\a
02 08, 2021 11:05:20 上午 cn.how2j.diytomcat.catalina.Context <init>
INFO : Deployment of web application directory D:\project\diytomcat\webapps\a has finished in 0 ms
02 08, 2021 11:05:20 上午 cn.how2j.diytomcat.catalina.Context <init>
INFO : Deploying web application directory D:\project\diytomcat\webapps\ROOT
02 08, 2021 11:05:20 上午 cn.how2j.diytomcat.catalina.Context <init>
INFO : Deployment of web application directory D:\project\diytomcat\webapps\ROOT has finished in 0 ms
02 08, 2021 11:05:20 上午 cn.how2j.diytomcat.catalina.Server logJVM
INFO : Server version:		How2J DiyTomcat/1.0.1
02 08, 2021 11:05:20 上午 cn.how2j.diytomcat.catalina.Server logJVM
INFO : Server built:		2020-04-08 10:20:22
02 08, 2021 11:05:20 上午 cn.how2j.diytomcat.catalina.Server logJVM
INFO : Server number:		1.0.1
02 08, 2021 11:05:20 上午 cn.how2j.diytomcat.catalina.Server logJVM
INFO : OS Name	:		Windows 10
02 08, 2021 11:05:20 上午 cn.how2j.diytomcat.catalina.Server logJVM
INFO : OS Version:		10.0
02 08, 2021 11:05:20 上午 cn.how2j.diytomcat.catalina.Server logJVM
INFO : Architecture:		amd64
02 08, 2021 11:05:20 上午 cn.how2j.diytomcat.catalina.Server logJVM
INFO : Java Home:		D:\software\java\jre
02 08, 2021 11:05:20 上午 cn.how2j.diytomcat.catalina.Server logJVM
INFO : JVM Version:		1.8.0_261-b12
02 08, 2021 11:05:20 上午 cn.how2j.diytomcat.catalina.Server logJVM
INFO : JVM Vendor:		Oracle Corporation
02 08, 2021 11:07:08 上午 cn.how2j.diytomcat.catalina.Context <init>
INFO : Deploying web application directory d:/project/diytomcat/b
02 08, 2021 11:07:08 上午 cn.how2j.diytomcat.catalina.Context <init>
INFO : Deployment of web application directory d:/project/diytomcat/b has finished in 61 ms
02 08, 2021 11:07:08 上午 cn.how2j.diytomcat.catalina.Context <init>
INFO : Deploying web application directory D:\project\diytomcat\webapps\a
02 08, 2021 11:07:08 上午 cn.how2j.diytomcat.catalina.Context <init>
INFO : Deployment of web application directory D:\project\diytomcat\webapps\a has finished in 0 ms
02 08, 2021 11:07:08 上午 cn.how2j.diytomcat.catalina.Context <init>
INFO : Deploying web application directory D:\project\diytomcat\webapps\ROOT
02 08, 2021 11:07:08 上午 cn.how2j.diytomcat.catalina.Context <init>
INFO : Deployment of web application directory D:\project\diytomcat\webapps\ROOT has finished in 0 ms
02 08, 2021 11:07:08 上午 cn.how2j.diytomcat.catalina.Server logJVM
INFO : Server version:		How2J DiyTomcat/1.0.1
02 08, 2021 11:07:08 上午 cn.how2j.diytomcat.catalina.Server logJVM
INFO : Server built:		2020-04-08 10:20:22
02 08, 2021 11:07:08 上午 cn.how2j.diytomcat.catalina.Server logJVM
INFO : Server number:		1.0.1
02 08, 2021 11:07:08 上午 cn.how2j.diytomcat.catalina.Server logJVM
INFO : OS Name	:		Windows 10
02 08, 2021 11:07:08 上午 cn.how2j.diytomcat.catalina.Server logJVM
INFO : OS Version:		10.0
02 08, 2021 11:07:08 上午 cn.how2j.diytomcat.catalina.Server logJVM
INFO : Architecture:		amd64
02 08, 2021 11:07:08 上午 cn.how2j.diytomcat.catalina.Server logJVM
INFO : Java Home:		D:\software\java\jre
02 08, 2021 11:07:08 上午 cn.how2j.diytomcat.catalina.Server logJVM
INFO : JVM Version:		1.8.0_261-b12
02 08, 2021 11:07:08 上午 cn.how2j.diytomcat.catalina.Server logJVM
INFO : JVM Vendor:		Oracle Corporation
02 08, 2021 11:31:19 上午 cn.how2j.diytomcat.catalina.Context <init>
INFO : Deploying web application directory d:/project/diytomcat/b
02 08, 2021 11:31:19 上午 cn.how2j.diytomcat.catalina.Context <init>
INFO : Deployment of web application directory d:/project/diytomcat/b has finished in 60 ms
02 08, 2021 11:31:19 上午 cn.how2j.diytomcat.catalina.Context <init>
INFO : Deploying web application directory D:\project\diytomcat\webapps\a
02 08, 2021 11:31:19 上午 cn.how2j.diytomcat.catalina.Context <init>
INFO : Deployment of web application directory D:\project\diytomcat\webapps\a has finished in 0 ms
02 08, 2021 11:31:19 上午 cn.how2j.diytomcat.catalina.Context <init>
INFO : Deploying web application directory D:\project\diytomcat\webapps\ROOT
02 08, 2021 11:31:19 上午 cn.how2j.diytomcat.catalina.Context <init>
INFO : Deployment of web application directory D:\project\diytomcat\webapps\ROOT has finished in 0 ms
02 08, 2021 11:31:19 上午 cn.how2j.diytomcat.catalina.Server logJVM
INFO : Server version:		How2J DiyTomcat/1.0.1
02 08, 2021 11:31:19 上午 cn.how2j.diytomcat.catalina.Server logJVM
INFO : Server built:		2020-04-08 10:20:22
02 08, 2021 11:31:19 上午 cn.how2j.diytomcat.catalina.Server logJVM
INFO : Server number:		1.0.1
02 08, 2021 11:31:19 上午 cn.how2j.diytomcat.catalina.Server logJVM
INFO : OS Name	:		Windows 10
02 08, 2021 11:31:19 上午 cn.how2j.diytomcat.catalina.Server logJVM
INFO : OS Version:		10.0
02 08, 2021 11:31:19 上午 cn.how2j.diytomcat.catalina.Server logJVM
INFO : Architecture:		amd64
02 08, 2021 11:31:19 上午 cn.how2j.diytomcat.catalina.Server logJVM
INFO : Java Home:		D:\software\java\jre
02 08, 2021 11:31:19 上午 cn.how2j.diytomcat.catalina.Server logJVM
INFO : JVM Version:		1.8.0_261-b12
02 08, 2021 11:31:19 上午 cn.how2j.diytomcat.catalina.Server logJVM
INFO : JVM Vendor:		Oracle Corporation
02 08, 2021 11:32:57 上午 cn.how2j.diytomcat.catalina.Context <init>
INFO : Deploying web application directory d:/project/diytomcat/b
02 08, 2021 11:32:57 上午 cn.how2j.diytomcat.catalina.Context <init>
INFO : Deployment of web application directory d:/project/diytomcat/b has finished in 66 ms
02 08, 2021 11:32:57 上午 cn.how2j.diytomcat.catalina.Context <init>
INFO : Deploying web application directory D:\project\diytomcat\webapps\a
02 08, 2021 11:32:57 上午 cn.how2j.diytomcat.catalina.Context <init>
INFO : Deployment of web application directory D:\project\diytomcat\webapps\a has finished in 1 ms
02 08, 2021 11:32:57 上午 cn.how2j.diytomcat.catalina.Context <init>
INFO : Deploying web application directory D:\project\diytomcat\webapps\ROOT
02 08, 2021 11:32:57 上午 cn.how2j.diytomcat.catalina.Context <init>
INFO : Deployment of web application directory D:\project\diytomcat\webapps\ROOT has finished in 0 ms
02 08, 2021 11:32:57 上午 cn.how2j.diytomcat.catalina.Server logJVM
INFO : Server version:		How2J DiyTomcat/1.0.1
02 08, 2021 11:32:57 上午 cn.how2j.diytomcat.catalina.Server logJVM
INFO : Server built:		2020-04-08 10:20:22
02 08, 2021 11:32:57 上午 cn.how2j.diytomcat.catalina.Server logJVM
INFO : Server number:		1.0.1
02 08, 2021 11:32:57 上午 cn.how2j.diytomcat.catalina.Server logJVM
INFO : OS Name	:		Windows 10
02 08, 2021 11:32:57 上午 cn.how2j.diytomcat.catalina.Server logJVM
INFO : OS Version:		10.0
02 08, 2021 11:32:57 上午 cn.how2j.diytomcat.catalina.Server logJVM
INFO : Architecture:		amd64
02 08, 2021 11:32:57 上午 cn.how2j.diytomcat.catalina.Server logJVM
INFO : Java Home:		D:\software\java\jre
02 08, 2021 11:32:57 上午 cn.how2j.diytomcat.catalina.Server logJVM
INFO : JVM Version:		1.8.0_261-b12
02 08, 2021 11:32:57 上午 cn.how2j.diytomcat.catalina.Server logJVM
INFO : JVM Vendor:		Oracle Corporation
