03 03, 2021 19:10:37 下午 cn.how2j.diytomcat.catalina.Context <init>
INFO : Deploying web application directory d:/project/diytomcat/b
03 03, 2021 19:10:37 下午 cn.how2j.diytomcat.catalina.Context <init>
INFO : Deployment of web application directory d:/project/diytomcat/b has finished in 80 ms
03 03, 2021 19:10:37 下午 cn.how2j.diytomcat.catalina.Context <init>
INFO : Deploying web application directory D:\project\diytomcat\webapps\a
03 03, 2021 19:10:37 下午 cn.how2j.diytomcat.catalina.Context <init>
INFO : Deployment of web application directory D:\project\diytomcat\webapps\a has finished in 0 ms
03 03, 2021 19:10:37 下午 cn.how2j.diytomcat.catalina.Context <init>
INFO : Deploying web application directory D:\project\diytomcat\webapps\ext
03 03, 2021 19:10:37 下午 cn.how2j.diytomcat.catalina.Context <init>
INFO : Deployment of web application directory D:\project\diytomcat\webapps\ext has finished in 0 ms
03 03, 2021 19:10:37 下午 cn.how2j.diytomcat.catalina.Context <init>
INFO : Deploying web application directory D:\project\diytomcat\webapps\ROOT
03 03, 2021 19:10:37 下午 cn.how2j.diytomcat.catalina.Context <init>
INFO : Deployment of web application directory D:\project\diytomcat\webapps\ROOT has finished in 0 ms
03 03, 2021 19:10:37 下午 cn.how2j.diytomcat.catalina.Server logJVM
INFO : Server version:		How2J DiyTomcat/1.0.1
03 03, 2021 19:10:37 下午 cn.how2j.diytomcat.catalina.Server logJVM
INFO : Server built:		2020-04-08 10:20:22
03 03, 2021 19:10:37 下午 cn.how2j.diytomcat.catalina.Server logJVM
INFO : Server number:		1.0.1
03 03, 2021 19:10:37 下午 cn.how2j.diytomcat.catalina.Server logJVM
INFO : OS Name	:		Windows 10
03 03, 2021 19:10:37 下午 cn.how2j.diytomcat.catalina.Server logJVM
INFO : OS Version:		10.0
03 03, 2021 19:10:37 下午 cn.how2j.diytomcat.catalina.Server logJVM
INFO : Architecture:		amd64
03 03, 2021 19:10:37 下午 cn.how2j.diytomcat.catalina.Server logJVM
INFO : Java Home:		D:\software\java\jre
03 03, 2021 19:10:37 下午 cn.how2j.diytomcat.catalina.Server logJVM
INFO : JVM Version:		1.8.0_261-b12
03 03, 2021 19:10:37 下午 cn.how2j.diytomcat.catalina.Server logJVM
INFO : JVM Vendor:		Oracle Corporation
03 03, 2021 19:14:55 下午 cn.how2j.diytomcat.catalina.Context <init>
INFO : Deploying web application directory d:/project/diytomcat/b
03 03, 2021 19:14:55 下午 cn.how2j.diytomcat.catalina.Context <init>
INFO : Deployment of web application directory d:/project/diytomcat/b has finished in 64 ms
03 03, 2021 19:14:55 下午 cn.how2j.diytomcat.catalina.Context <init>
INFO : Deploying web application directory D:\project\diytomcat\webapps\a
03 03, 2021 19:14:55 下午 cn.how2j.diytomcat.catalina.Context <init>
INFO : Deployment of web application directory D:\project\diytomcat\webapps\a has finished in 0 ms
03 03, 2021 19:14:55 下午 cn.how2j.diytomcat.catalina.Context <init>
INFO : Deploying web application directory D:\project\diytomcat\webapps\ext
03 03, 2021 19:14:55 下午 cn.how2j.diytomcat.catalina.Context <init>
INFO : Deployment of web application directory D:\project\diytomcat\webapps\ext has finished in 0 ms
03 03, 2021 19:14:55 下午 cn.how2j.diytomcat.catalina.Context <init>
INFO : Deploying web application directory D:\project\diytomcat\webapps\ROOT
03 03, 2021 19:14:55 下午 cn.how2j.diytomcat.catalina.Context <init>
INFO : Deployment of web application directory D:\project\diytomcat\webapps\ROOT has finished in 0 ms
03 03, 2021 19:14:55 下午 cn.how2j.diytomcat.catalina.Server logJVM
INFO : Server version:		How2J DiyTomcat/1.0.1
03 03, 2021 19:14:55 下午 cn.how2j.diytomcat.catalina.Server logJVM
INFO : Server built:		2020-04-08 10:20:22
03 03, 2021 19:14:55 下午 cn.how2j.diytomcat.catalina.Server logJVM
INFO : Server number:		1.0.1
03 03, 2021 19:14:55 下午 cn.how2j.diytomcat.catalina.Server logJVM
INFO : OS Name	:		Windows 10
03 03, 2021 19:14:55 下午 cn.how2j.diytomcat.catalina.Server logJVM
INFO : OS Version:		10.0
03 03, 2021 19:14:55 下午 cn.how2j.diytomcat.catalina.Server logJVM
INFO : Architecture:		amd64
03 03, 2021 19:14:55 下午 cn.how2j.diytomcat.catalina.Server logJVM
INFO : Java Home:		D:\software\java\jre
03 03, 2021 19:14:55 下午 cn.how2j.diytomcat.catalina.Server logJVM
INFO : JVM Version:		1.8.0_261-b12
03 03, 2021 19:14:55 下午 cn.how2j.diytomcat.catalina.Server logJVM
INFO : JVM Vendor:		Oracle Corporation
03 03, 2021 19:16:24 下午 cn.how2j.diytomcat.catalina.Context <init>
INFO : Deploying web application directory d:/project/diytomcat/b
03 03, 2021 19:16:24 下午 cn.how2j.diytomcat.catalina.Context <init>
INFO : Deployment of web application directory d:/project/diytomcat/b has finished in 187 ms
03 03, 2021 19:16:26 下午 cn.how2j.diytomcat.catalina.Context <init>
INFO : Deploying web application directory D:\project\diytomcat\webapps\a
03 03, 2021 19:16:26 下午 cn.how2j.diytomcat.catalina.Context <init>
INFO : Deployment of web application directory D:\project\diytomcat\webapps\a has finished in 0 ms
03 03, 2021 19:16:26 下午 cn.how2j.diytomcat.catalina.Context <init>
INFO : Deploying web application directory D:\project\diytomcat\webapps\ext
03 03, 2021 19:16:26 下午 cn.how2j.diytomcat.catalina.Context <init>
INFO : Deployment of web application directory D:\project\diytomcat\webapps\ext has finished in 0 ms
03 03, 2021 19:16:26 下午 cn.how2j.diytomcat.catalina.Context <init>
INFO : Deploying web application directory D:\project\diytomcat\webapps\ROOT
03 03, 2021 19:16:26 下午 cn.how2j.diytomcat.catalina.Context <init>
INFO : Deployment of web application directory D:\project\diytomcat\webapps\ROOT has finished in 0 ms
03 03, 2021 19:16:44 下午 cn.how2j.diytomcat.catalina.Server logJVM
INFO : Server version:		How2J DiyTomcat/1.0.1
03 03, 2021 19:16:44 下午 cn.how2j.diytomcat.catalina.Server logJVM
INFO : Server built:		2020-04-08 10:20:22
03 03, 2021 19:16:44 下午 cn.how2j.diytomcat.catalina.Server logJVM
INFO : Server number:		1.0.1
03 03, 2021 19:16:44 下午 cn.how2j.diytomcat.catalina.Server logJVM
INFO : OS Name	:		Windows 10
03 03, 2021 19:16:44 下午 cn.how2j.diytomcat.catalina.Server logJVM
INFO : OS Version:		10.0
03 03, 2021 19:16:44 下午 cn.how2j.diytomcat.catalina.Server logJVM
INFO : Architecture:		amd64
03 03, 2021 19:16:44 下午 cn.how2j.diytomcat.catalina.Server logJVM
INFO : Java Home:		D:\software\java\jre
03 03, 2021 19:16:44 下午 cn.how2j.diytomcat.catalina.Server logJVM
INFO : JVM Version:		1.8.0_261-b12
03 03, 2021 19:16:44 下午 cn.how2j.diytomcat.catalina.Server logJVM
INFO : JVM Vendor:		Oracle Corporation
03 03, 2021 19:23:54 下午 cn.how2j.diytomcat.catalina.Context <init>
INFO : Deploying web application directory d:/project/diytomcat/b
03 03, 2021 19:23:54 下午 cn.how2j.diytomcat.catalina.Context <init>
INFO : Deployment of web application directory d:/project/diytomcat/b has finished in 166 ms
03 03, 2021 19:23:54 下午 cn.how2j.diytomcat.catalina.Context <init>
INFO : Deploying web application directory d:/project/diytomcat/c
03 03, 2021 19:23:54 下午 cn.how2j.diytomcat.catalina.Context <init>
INFO : Deployment of web application directory d:/project/diytomcat/c has finished in 0 ms
03 03, 2021 19:23:56 下午 cn.how2j.diytomcat.catalina.Context <init>
INFO : Deploying web application directory D:\project\diytomcat\webapps\a
03 03, 2021 19:23:56 下午 cn.how2j.diytomcat.catalina.Context <init>
INFO : Deployment of web application directory D:\project\diytomcat\webapps\a has finished in 0 ms
03 03, 2021 19:23:56 下午 cn.how2j.diytomcat.catalina.Context <init>
INFO : Deploying web application directory D:\project\diytomcat\webapps\ext
03 03, 2021 19:23:56 下午 cn.how2j.diytomcat.catalina.Context <init>
INFO : Deployment of web application directory D:\project\diytomcat\webapps\ext has finished in 16 ms
03 03, 2021 19:23:56 下午 cn.how2j.diytomcat.catalina.Context <init>
INFO : Deploying web application directory D:\project\diytomcat\webapps\ROOT
03 03, 2021 19:23:56 下午 cn.how2j.diytomcat.catalina.Context <init>
INFO : Deployment of web application directory D:\project\diytomcat\webapps\ROOT has finished in 0 ms
